0 info it worked if it ends with ok
1 verbose cli [ '/Users/yaozhiqiu/.tnvm/versions/node/v6.9.4/bin/node',
1 verbose cli   '/Users/yaozhiqiu/.tnvm/versions/node/v6.9.4/bin/npm',
1 verbose cli   'version',
1 verbose cli   'prerelease' ]
2 info using npm@3.10.10
3 info using node@v6.9.4
4 info git [ 'status', '--porcelain' ]
5 verbose stack Error: Git working directory not clean.
5 verbose stack M docs/picidae.config.js
5 verbose stack M src/index.js
5 verbose stack AM src/lib/logo
5 verbose stack M src/lib/webpack-server/getWebpackConfig.js
5 verbose stack M src/lib/webpack-server/index.js
5 verbose stack M src/lib/webpack-server/serverMaker.js
5 verbose stack     at /Users/yaozhiqiu/.tnvm/versions/node/v6.9.4/lib/node_modules/npm/lib/version.js:247:19
5 verbose stack     at /Users/yaozhiqiu/.tnvm/versions/node/v6.9.4/lib/node_modules/npm/lib/utils/no-progress-while-running.js:21:8
5 verbose stack     at ChildProcess.exithandler (child_process.js:197:7)
5 verbose stack     at emitTwo (events.js:106:13)
5 verbose stack     at ChildProcess.emit (events.js:191:7)
5 verbose stack     at maybeClose (internal/child_process.js:877:16)
5 verbose stack     at Socket.<anonymous> (internal/child_process.js:334:11)
5 verbose stack     at emitOne (events.js:96:13)
5 verbose stack     at Socket.emit (events.js:188:7)
5 verbose stack     at Pipe._handle.close [as _onclose] (net.js:498:12)
6 verbose cwd /Users/yaozhiqiu/self/picidajs/picidae/docs
7 error Darwin 16.7.0
8 error argv "/Users/yaozhiqiu/.tnvm/versions/node/v6.9.4/bin/node" "/Users/yaozhiqiu/.tnvm/versions/node/v6.9.4/bin/npm" "version" "prerelease"
9 error node v6.9.4
10 error npm  v3.10.10
11 error Git working directory not clean.
11 error M docs/picidae.config.js
11 error M src/index.js
11 error AM src/lib/logo
11 error M src/lib/webpack-server/getWebpackConfig.js
11 error M src/lib/webpack-server/index.js
11 error M src/lib/webpack-server/serverMaker.js
12 error If you need help, you may report this error at:
12 error     <https://github.com/npm/npm/issues>
13 verbose exit [ 1, true ]
